<?xml version="1.0" encoding="UTF-8"?>
<!-- Generated by org.testng.reporters.JUnitXMLReporter -->
<testsuite hostname="Sumeshs-MBP.attlocal.net" ignored="2" tests="22" failures="0" timestamp="14 Jun 2020 21:13:41 GMT" time="2.279" errors="0">
  <testcase name="assertEmptyCountryCodeTest" time="1.322" classname="GenerateUserNegativeTest"/>
  <testcase name="assertNonExistContentType" time="0.377" classname="GenerateUserNegativeTest"/>
  <testcase name="assertNonExistContentType" time="0.033" classname="GenerateUserNegativeTest"/>
  <testcase name="assertNonExistContentType" time="0.03" classname="GenerateUserNegativeTest"/>
  <testcase name="assertNonExistCountryCodeTest" time="0.016" classname="GenerateUserNegativeTest"/>
  <testcase name="assertNonExistEndPoint" time="0.024" classname="GenerateUserNegativeTest"/>
  <testcase name="assertNonExistEndPoint" time="0.029" classname="GenerateUserNegativeTest"/>
  <testcase name="assertNonExistEndPoint" time="0.021" classname="GenerateUserNegativeTest"/>
  <testcase name="assertNullCountryCodeTest" time="0.014" classname="GenerateUserNegativeTest"/>
  <testcase name="assertCountry" time="0.068" classname="GenerateUserTest"/>
  <testcase name="assertCountry" time="0.046" classname="GenerateUserTest"/>
  <testcase name="assertCountry" time="0.029" classname="GenerateUserTest"/>
  <testcase name="assertDOB" time="0.017" classname="GenerateUserTest"/>
  <testcase name="assertHeaders" time="0.015" classname="GenerateUserTest"/>
  <testcase name="assertHeaders" time="0.013" classname="GenerateUserTest"/>
  <testcase name="assertHeaders" time="0.026" classname="GenerateUserTest"/>
  <testcase name="assertLowerCountryCode" time="0.04" classname="GenerateUserTest"/>
  <testcase name="assertLowerCountryCode" time="0.044" classname="GenerateUserTest"/>
  <testcase name="assertLowerCountryCode" time="0.041" classname="GenerateUserTest"/>
  <testcase name="assertNameSchema" time="0.016" classname="GenerateUserTest"/>
  <testcase name="assertPhoneNumSchema" time="0.014" classname="GenerateUserTest"/>
  <testcase name="assertZip" time="0.012" classname="GenerateUserTest"/>
  <testcase name="@BeforeSuite loadProperty" time="0.0" classname="BaseTest">
    <ignored/>
  </testcase> <!-- @BeforeSuite loadProperty -->
  <testcase name="@BeforeSuite loadProperty" time="0.0" classname="BaseTest">
    <ignored/>
  </testcase> <!-- @BeforeSuite loadProperty -->
</testsuite>
