<?xml version="1.0" encoding="UTF-8" ?>
<testsuite tests="22" failures="0" name="TestSuite" time="2.255" errors="0" skipped="0">
  <properties>
[...]
</properties>
  <testcase classname="GenerateUserNegativeTest" name="assertEmptyCountryCodeTest" time="1.323"/>
  <testcase classname="GenerateUserNegativeTest" name="assertNonExistContentType" time="0.378"/>
  <testcase classname="GenerateUserNegativeTest" name="assertNonExistContentType" time="0.033"/>
  <testcase classname="GenerateUserNegativeTest" name="assertNonExistContentType" time="0.03"/>
  <testcase classname="GenerateUserNegativeTest" name="assertNonExistCountryCodeTest" time="0.015"/>
  <testcase classname="GenerateUserNegativeTest" name="assertNonExistEndPoint" time="0.024"/>
  <testcase classname="GenerateUserNegativeTest" name="assertNonExistEndPoint" time="0.03"/>
  <testcase classname="GenerateUserNegativeTest" name="assertNonExistEndPoint" time="0.022"/>
  <testcase classname="GenerateUserNegativeTest" name="assertNullCountryCodeTest" time="0.014"/>
  <testcase classname="GenerateUserTest" name="assertCountry" time="0.068"/>
  <testcase classname="GenerateUserTest" name="assertCountry" time="0.047"/>
  <testcase classname="GenerateUserTest" name="assertCountry" time="0.028"/>
  <testcase classname="GenerateUserTest" name="assertDOB" time="0.017"/>
  <testcase classname="GenerateUserTest" name="assertHeaders" time="0.016"/>
  <testcase classname="GenerateUserTest" name="assertHeaders" time="0.013"/>
  <testcase classname="GenerateUserTest" name="assertHeaders" time="0.027"/>
  <testcase classname="GenerateUserTest" name="assertLowerCountryCode" time="0.042"/>
  <testcase classname="GenerateUserTest" name="assertLowerCountryCode" time="0.043"/>
  <testcase classname="GenerateUserTest" name="assertLowerCountryCode" time="0.041"/>
  <testcase classname="GenerateUserTest" name="assertNameSchema" time="0.017"/>
  <testcase classname="GenerateUserTest" name="assertPhoneNumSchema" time="0.014"/>
  <testcase classname="GenerateUserTest" name="assertZip" time="0.013"/>
</testsuite>